
> college-erp-server@1.0.0 start
> node src/index.js

✅ Database connected
✅ Models synchronized

🚀 College ERP API running on:
   Local:   http://localhost:5001
   Network: http://10.89.122.28:5001
   Health:  http://localhost:5001/api/health

🔌 Client connected: pZJcmBGEa5nDmYrxAAAB
🔌 Client connected: Ru4cF5MsBP3ox1UGAAAD
🔌 Client connected: WeHEO5ObWEbC2QbVAAAF
🔌 Client disconnected: pZJcmBGEa5nDmYrxAAAB
🔌 Client disconnected: Ru4cF5MsBP3ox1UGAAAD
🔌 Client disconnected: WeHEO5ObWEbC2QbVAAAF
GET /api/students 304 81ms
GET /api/courses 304 16ms
GET /api/dashboard/stats 304 30ms
🔌 Client connected: pHBMW1UhN086y2cGAAAI
GET /api/students 304 6ms
GET /api/courses 304 4ms
GET /api/dashboard/stats 304 14ms
🔌 Client connected: KFiLcTCIkdhZsWdjAAAL
GET /api/dashboard/stats 304 9ms
🔌 Client connected: 5Pz5UvnWkLGRuN7nAAAM
GET /api/dashboard/stats 304 13ms
GET /api/dashboard/stats 304 31ms
GET /api/dashboard/stats 304 9ms
GET /api/students 304 39ms
GET /api/courses 304 34ms
GET /api/students 304 37ms
GET /api/courses 304 39ms
🔌 Client disconnected: 5Pz5UvnWkLGRuN7nAAAM
🔌 Client disconnected: pHBMW1UhN086y2cGAAAI
🔌 Client disconnected: KFiLcTCIkdhZsWdjAAAL
POST /api/auth/login 401 16ms
POST /api/auth/login 401 11ms
POST /api/auth/login 401 4ms
POST /api/auth/login 401 87ms
POST /api/auth/login 401 4ms
